<?xml version="1.0" encoding="UTF-8"?>
<testng-results ignored="0" total="2" passed="2" failed="0" skipped="0">
  <reporter-output>
  </reporter-output>
  <suite started-at="2022-10-31T17:44:40 IST" name="Default suite" finished-at="2022-10-31T17:44:40 IST" duration-ms="84">
    <groups>
    </groups>
    <test started-at="2022-10-31T17:44:40 IST" name="Default test" finished-at="2022-10-31T17:44:40 IST" duration-ms="84">
      <class name="java1.sample1">
        <test-method signature="method1()[pri:0, instance:java1.sample1@2ef3eef9]" started-at="2022-10-31T17:44:40 IST" name="method1" finished-at="2022-10-31T17:44:40 IST" duration-ms="21" status="PASS">
          <reporter-output>
          </reporter-output>
        </test-method> <!-- method1 -->
        <test-method signature="method2()[pri:0, instance:java1.sample1@2ef3eef9]" started-at="2022-10-31T17:44:40 IST" name="method2" finished-at="2022-10-31T17:44:40 IST" duration-ms="2" status="PASS">
          <reporter-output>
          </reporter-output>
        </test-method> <!-- method2 -->
      </class> <!-- java1.sample1 -->
    </test> <!-- Default test -->
  </suite> <!-- Default suite -->
</testng-results>
